<?xml version="1.0" encoding="UTF-8"?>
<!-- Generated by org.testng.reporters.JUnitReportReporter -->
<testsuite skipped="0" hostname="DESKTOP-FDOBOJL"
	name="com.testautomation.testrunner.TestRunner" tests="1" failures="0"
	timestamp="04 Jul 2019 10:12:42 GMT" time="152.814" errors="0">
	<testcase name="feature" time="152.814"
		classname="com.testautomation.testrunner.TestRunner" />
</testsuite> <!-- com.testautomation.testrunner.TestRunner -->
