<?xml version="1.0" encoding="UTF-8"?>
<!-- Generated by org.testng.reporters.JUnitReportReporter -->
<testsuite skipped="0" hostname="DESKTOP-FDOBOJL" name="com.ibm.testautomation.testrunner.TestRunner" tests="1" failures="0" timestamp="02 Oct 2019 10:28:25 GMT" time="323.328" errors="0">
  <testcase name="feature" time="323.328" classname="com.ibm.testautomation.testrunner.TestRunner"/>
</testsuite> <!-- com.ibm.testautomation.testrunner.TestRunner -->
