<?xml version="1.0" encoding="UTF-8"?>
<!-- Generated by org.testng.reporters.JUnitReportReporter -->
<testsuite skipped="0" hostname="DESKTOP-FDOBOJL" name="com.ibm.testautomation.testrunner.TestRunner" tests="1" failures="1" timestamp="11 Oct 2019 07:55:34 GMT" time="31.976" errors="0">
  <testcase name="feature" time="31.976" classname="com.ibm.testautomation.testrunner.TestRunner">
    <failure type="java.lang.AssertionError" message="null">
      <![CDATA[java.lang.AssertionError: null
at org.testng.Assert.fail(Assert.java:96)
at org.testng.Assert.fail(Assert.java:103)
at com.ibm.testautomation.stepdef.MyJuniperStepDef.enter_customer_email(MyJuniperStepDef.java:139)
at âœ½.Enter Customer Email(src/test/java/Features/MyJuniper.feature:8)
]]>
    </failure>
  </testcase> <!-- feature -->
</testsuite> <!-- com.ibm.testautomation.testrunner.TestRunner -->
